[7.195s] Invoking command in '/home/bb/ros2_ws/build/linear_acceleration_msg': CMAKE_PREFIX_PATH=${CMAKE_PREFIX_PATH}:/home/bb/ros2_ws/install/sub:/home/bb/ros2_ws/install/test141123:/home/bb/ros2_ws/install/imu_sensor:/home/bb/ros2_ws/install/depth_sensor:/home/bb/ros2_ws/install/acoustic_sensor:/home/bb/ros2_ws/install/IMU_sensor:/opt/ros/humble /usr/bin/cmake --build /home/bb/ros2_ws/build/linear_acceleration_msg -- -j6 -l6
[7.370s] -- Found ament_cmake: 1.3.6 (/opt/ros/humble/share/ament_cmake/cmake)
[9.300s] -- Found geometry_msgs: 4.2.3 (/opt/ros/humble/share/geometry_msgs/cmake)
[9.588s] -- Found rosidl_generator_c: 3.1.5 (/opt/ros/humble/share/rosidl_generator_c/cmake)
[9.620s] -- Found rosidl_adapter: 3.1.5 (/opt/ros/humble/share/rosidl_adapter/cmake)
[9.699s] -- Found rosidl_generator_cpp: 3.1.5 (/opt/ros/humble/share/rosidl_generator_cpp/cmake)
[9.855s] -- Using all available rosidl_typesupport_c: rosidl_typesupport_fastrtps_c;rosidl_typesupport_introspection_c
[10.123s] -- Using all available rosidl_typesupport_cpp: rosidl_typesupport_fastrtps_cpp;rosidl_typesupport_introspection_cpp
[11.096s] -- Found rosidl_default_generators: 1.2.0 (/opt/ros/humble/share/rosidl_default_generators/cmake)
[12.660s] CMake Error at /opt/ros/humble/share/rosidl_adapter/cmake/rosidl_adapt_interfaces.cmake:59 (message):
[12.661s]   execute_process(/usr/bin/python3.9 -m rosidl_adapter --package-name
[12.662s]   linear_acceleration_msg --arguments-file
[12.662s]   /home/bb/ros2_ws/build/linear_acceleration_msg/rosidl_adapter__arguments__linear_acceleration_msg.json
[12.663s]   --output-dir
[12.663s]   /home/bb/ros2_ws/build/linear_acceleration_msg/rosidl_adapter/linear_acceleration_msg
[12.664s]   --output-file
[12.674s]   /home/bb/ros2_ws/build/linear_acceleration_msg/rosidl_adapter/linear_acceleration_msg.idls)
[12.682s]   returned error code 1:
[12.687s] 
[12.689s]   Traceback (most recent call last):
[12.694s] 
[12.696s]     File "/usr/lib/python3.9/runpy.py", line 197, in _run_module_as_main
[12.698s]       return _run_code(code, main_globals, None,
[12.703s]     File "/usr/lib/python3.9/runpy.py", line 87, in _run_code
[12.707s]       exec(code, run_globals)
[12.713s]     File "/opt/ros/humble/lib/python3.8/site-packages/rosidl_adapter/__main__.py", line 19, in <module>
[12.718s]       sys.exit(main())
[12.722s]     File "/opt/ros/humble/lib/python3.8/site-packages/rosidl_adapter/main.py", line 53, in main
[12.727s]       abs_idl_file = convert_to_idl(
[12.733s]     File "/opt/ros/humble/lib/python3.8/site-packages/rosidl_adapter/__init__.py", line 19, in convert_to_idl
[12.736s]       return convert_msg_to_idl(
[12.741s]     File "/opt/ros/humble/lib/python3.8/site-packages/rosidl_adapter/msg/__init__.py", line 28, in convert_msg_to_idl
[12.742s]       msg = parse_message_string(package_name, input_file.stem, content)
[12.744s]     File "/opt/ros/humble/lib/python3.8/site-packages/rosidl_adapter/parser.py", line 544, in parse_message_string
[12.746s]       msg = MessageSpecification(pkg_name, msg_name, fields, constants)
[12.748s]     File "/opt/ros/humble/lib/python3.8/site-packages/rosidl_adapter/parser.py", line 388, in __init__
[12.749s]       self.base_type = BaseType(
[12.750s]     File "/opt/ros/humble/lib/python3.8/site-packages/rosidl_adapter/parser.py", line 205, in __init__
[12.752s]       raise InvalidResourceName(
[12.753s] 
[12.755s]   rosidl_adapter.parser.InvalidResourceName: 'Acceleration_xy' is an invalid
[12.759s]   message name.  It should have the pattern '^[A-Z][A-Za-z0-9]*$'
[12.760s] 
[12.763s] Call Stack (most recent call first):
[12.764s]   /opt/ros/humble/share/rosidl_cmake/cmake/rosidl_generate_interfaces.cmake:130 (rosidl_adapt_interfaces)
[12.765s]   CMakeLists.txt:16 (rosidl_generate_interfaces)
[12.769s] 
[12.772s] 
[12.775s] -- Configuring incomplete, errors occurred!
[12.775s] See also "/home/bb/ros2_ws/build/linear_acceleration_msg/CMakeFiles/CMakeOutput.log".
[12.777s] make: *** [Makefile:776: cmake_check_build_system] Error 1
[14.568s] Invoked command in '/home/bb/ros2_ws/build/linear_acceleration_msg' returned '2': CMAKE_PREFIX_PATH=${CMAKE_PREFIX_PATH}:/home/bb/ros2_ws/install/sub:/home/bb/ros2_ws/install/test141123:/home/bb/ros2_ws/install/imu_sensor:/home/bb/ros2_ws/install/depth_sensor:/home/bb/ros2_ws/install/acoustic_sensor:/home/bb/ros2_ws/install/IMU_sensor:/opt/ros/humble /usr/bin/cmake --build /home/bb/ros2_ws/build/linear_acceleration_msg -- -j6 -l6
